<?xml version="1.0" encoding="UTF-8"?>
<!-- Generated by org.testng.reporters.JUnitXMLReporter -->
<testsuite hostname="DESKTOP-L5H57U0" ignored="0" name="MyAccount test" tests="2" failures="0" timestamp="2020-06-01T11:50:00 CST" time="628.589" errors="0">
  <testcase name="testLoginUsingProvider" time="18.772" classname="nopcommerce4.LT2.test.MyAccountTest"/>
  <testcase name="testMyAccount" time="570.621" classname="nopcommerce4.LT2.test.MyAccountTest"/>
</testsuite> <!-- MyAccount test -->
