<?xml version="1.0" encoding="UTF-8"?>
<!-- Generated by org.testng.reporters.JUnitXMLReporter -->
<testsuite hostname="DESKTOP-L5H57U0" ignored="0" name="PlaceOrder test" tests="10" failures="0" timestamp="2020-06-01T11:39:31 CST" time="743.066" errors="0">
  <testcase name="testLoginUsingProvider" time="31.424" classname="nopcommerce4.LT2.test.PlaceOrderTest"/>
  <testcase name="testAddToCart" time="236.342" classname="nopcommerce4.LT2.test.PlaceOrderTest"/>
  <testcase name="testAddToCart" time="239.779" classname="nopcommerce4.LT2.test.PlaceOrderTest"/>
  <testcase name="testRemoveProduct" time="29.169" classname="nopcommerce4.LT2.test.PlaceOrderTest"/>
  <testcase name="testInputSchoolName" time="6.289" classname="nopcommerce4.LT2.test.PlaceOrderTest"/>
  <testcase name="testCheckout" time="22.429" classname="nopcommerce4.LT2.test.PlaceOrderTest"/>
  <testcase name="testAccessShippingMethodPage" time="21.99" classname="nopcommerce4.LT2.test.PlaceOrderTest"/>
  <testcase name="testAccessPaymentinfo" time="28.264" classname="nopcommerce4.LT2.test.PlaceOrderTest"/>
  <testcase name="testPlaceOrder" time="20.148" classname="nopcommerce4.LT2.test.PlaceOrderTest"/>
  <testcase name="testAccessOrderDetailPage" time="25.836" classname="nopcommerce4.LT2.test.PlaceOrderTest"/>
</testsuite> <!-- PlaceOrder test -->
