<?xml version="1.0" encoding="UTF-8"?>
<testng-results skipped="0" failed="0" ignored="0" total="13" passed="13">
  <reporter-output>
  </reporter-output>
  <suite name="Regression test" duration-ms="1460133" started-at="2020-06-01T11:27:08 CST" finished-at="2020-06-01T11:51:28 CST">
    <groups>
    </groups>
    <test name="PlaceOrder test" duration-ms="743066" started-at="2020-06-01T11:27:08 CST" finished-at="2020-06-01T11:39:31 CST">
      <class name="nopcommerce4.LT2.test.PlaceOrderTest">
        <test-method status="PASS" signature="beforeClass(java.lang.String)[pri:0, instance:nopcommerce4.LT2.test.PlaceOrderTest@3cef309d]" name="beforeClass" is-config="true" duration-ms="33890" started-at="2020-06-01T11:27:08 CST" finished-at="2020-06-01T11:27:42 CST">
          <params>
            <param index="0">
              <value>
                <![CDATA[chrome]]>
              </value>
            </param>
          </params>
          <reporter-output>
          </reporter-output>
        </test-method> <!-- beforeClass -->
        <test-method status="PASS" signature="testLoginUsingProvider(java.lang.String, java.lang.String)[pri:0, instance:nopcommerce4.LT2.test.PlaceOrderTest@3cef309d]" name="testLoginUsingProvider" duration-ms="31424" started-at="2020-06-01T11:27:42 CST" data-provider="LoginData" finished-at="2020-06-01T11:28:14 CST">
          <params>
            <param index="0">
              <value>
                <![CDATA[jdzhang@nltechdev.com]]>
              </value>
            </param>
            <param index="1">
              <value>
                <![CDATA[11111111]]>
              </value>
            </param>
          </params>
          <reporter-output>
          </reporter-output>
        </test-method> <!-- testLoginUsingProvider -->
        <test-method status="PASS" signature="testAddToCart()[pri:0, instance:nopcommerce4.LT2.test.PlaceOrderTest@3cef309d]" name="testAddToCart" duration-ms="236342" started-at="2020-06-01T11:28:20 CST" depends-on-methods="nopcommerce4.LT2.test.PlaceOrderTest.testLoginUsingProvider" finished-at="2020-06-01T11:32:17 CST">
          <reporter-output>
          </reporter-output>
        </test-method> <!-- testAddToCart -->
        <test-method status="PASS" signature="testAddToCart()[pri:0, instance:nopcommerce4.LT2.test.PlaceOrderTest@3cef309d]" name="testAddToCart" duration-ms="239779" started-at="2020-06-01T11:32:18 CST" depends-on-methods="nopcommerce4.LT2.test.PlaceOrderTest.testLoginUsingProvider" finished-at="2020-06-01T11:36:18 CST">
          <reporter-output>
          </reporter-output>
        </test-method> <!-- testAddToCart -->
        <test-method status="PASS" signature="testRemoveProduct()[pri:0, instance:nopcommerce4.LT2.test.PlaceOrderTest@3cef309d]" name="testRemoveProduct" duration-ms="29169" started-at="2020-06-01T11:36:20 CST" depends-on-methods="nopcommerce4.LT2.test.PlaceOrderTest.testAddToCart" finished-at="2020-06-01T11:36:49 CST">
          <reporter-output>
          </reporter-output>
        </test-method> <!-- testRemoveProduct -->
        <test-method status="PASS" signature="testInputSchoolName()[pri:0, instance:nopcommerce4.LT2.test.PlaceOrderTest@3cef309d]" name="testInputSchoolName" duration-ms="6289" started-at="2020-06-01T11:36:50 CST" depends-on-methods="nopcommerce4.LT2.test.PlaceOrderTest.testRemoveProduct" finished-at="2020-06-01T11:36:57 CST">
          <reporter-output>
          </reporter-output>
        </test-method> <!-- testInputSchoolName -->
        <test-method status="PASS" signature="testCheckout()[pri:0, instance:nopcommerce4.LT2.test.PlaceOrderTest@3cef309d]" name="testCheckout" duration-ms="22429" started-at="2020-06-01T11:36:57 CST" depends-on-methods="nopcommerce4.LT2.test.PlaceOrderTest.testInputSchoolName" finished-at="2020-06-01T11:37:20 CST">
          <reporter-output>
          </reporter-output>
        </test-method> <!-- testCheckout -->
        <test-method status="PASS" signature="testAccessShippingMethodPage()[pri:0, instance:nopcommerce4.LT2.test.PlaceOrderTest@3cef309d]" name="testAccessShippingMethodPage" duration-ms="21990" started-at="2020-06-01T11:37:21 CST" depends-on-methods="nopcommerce4.LT2.test.PlaceOrderTest.testCheckout" finished-at="2020-06-01T11:37:43 CST">
          <reporter-output>
          </reporter-output>
        </test-method> <!-- testAccessShippingMethodPage -->
        <test-method status="PASS" signature="testAccessPaymentinfo()[pri:0, instance:nopcommerce4.LT2.test.PlaceOrderTest@3cef309d]" name="testAccessPaymentinfo" duration-ms="28264" started-at="2020-06-01T11:37:44 CST" depends-on-methods="nopcommerce4.LT2.test.PlaceOrderTest.testAccessShippingMethodPage" finished-at="2020-06-01T11:38:12 CST">
          <reporter-output>
          </reporter-output>
        </test-method> <!-- testAccessPaymentinfo -->
        <test-method status="PASS" signature="testPlaceOrder()[pri:0, instance:nopcommerce4.LT2.test.PlaceOrderTest@3cef309d]" name="testPlaceOrder" duration-ms="20148" started-at="2020-06-01T11:38:13 CST" depends-on-methods="nopcommerce4.LT2.test.PlaceOrderTest.testAccessPaymentinfo" finished-at="2020-06-01T11:38:33 CST">
          <reporter-output>
          </reporter-output>
        </test-method> <!-- testPlaceOrder -->
        <test-method status="PASS" signature="testAccessOrderDetailPage()[pri:0, instance:nopcommerce4.LT2.test.PlaceOrderTest@3cef309d]" name="testAccessOrderDetailPage" duration-ms="25836" started-at="2020-06-01T11:39:03 CST" depends-on-methods="nopcommerce4.LT2.test.PlaceOrderTest.testPlaceOrder" finished-at="2020-06-01T11:39:29 CST">
          <reporter-output>
          </reporter-output>
        </test-method> <!-- testAccessOrderDetailPage -->
        <test-method status="PASS" signature="afterClass()[pri:0, instance:nopcommerce4.LT2.test.PlaceOrderTest@3cef309d]" name="afterClass" is-config="true" duration-ms="1373" started-at="2020-06-01T11:39:30 CST" finished-at="2020-06-01T11:39:31 CST">
          <reporter-output>
          </reporter-output>
        </test-method> <!-- afterClass -->
      </class> <!-- nopcommerce4.LT2.test.PlaceOrderTest -->
    </test> <!-- PlaceOrder test -->
    <test name="MyAccount test" duration-ms="628589" started-at="2020-06-01T11:39:31 CST" finished-at="2020-06-01T11:50:00 CST">
      <class name="nopcommerce4.LT2.test.MyAccountTest">
        <test-method status="PASS" signature="beforeClass(java.lang.String)[pri:0, instance:nopcommerce4.LT2.test.MyAccountTest@48503868]" name="beforeClass" is-config="true" duration-ms="36644" started-at="2020-06-01T11:39:31 CST" finished-at="2020-06-01T11:40:08 CST">
          <params>
            <param index="0">
              <value>
                <![CDATA[chrome]]>
              </value>
            </param>
          </params>
          <reporter-output>
          </reporter-output>
        </test-method> <!-- beforeClass -->
        <test-method status="PASS" signature="testLoginUsingProvider(java.lang.String, java.lang.String)[pri:0, instance:nopcommerce4.LT2.test.MyAccountTest@48503868]" name="testLoginUsingProvider" duration-ms="18772" started-at="2020-06-01T11:40:08 CST" data-provider="LoginData" finished-at="2020-06-01T11:40:27 CST">
          <params>
            <param index="0">
              <value>
                <![CDATA[jdzhang@nltechdev.com]]>
              </value>
            </param>
            <param index="1">
              <value>
                <![CDATA[11111111]]>
              </value>
            </param>
          </params>
          <reporter-output>
          </reporter-output>
        </test-method> <!-- testLoginUsingProvider -->
        <test-method status="PASS" signature="testMyAccount()[pri:0, instance:nopcommerce4.LT2.test.MyAccountTest@48503868]" name="testMyAccount" duration-ms="570621" started-at="2020-06-01T11:40:28 CST" depends-on-methods="nopcommerce4.LT2.test.MyAccountTest.testLoginUsingProvider" finished-at="2020-06-01T11:49:58 CST">
          <reporter-output>
          </reporter-output>
        </test-method> <!-- testMyAccount -->
        <test-method status="PASS" signature="afterClass()[pri:0, instance:nopcommerce4.LT2.test.MyAccountTest@48503868]" name="afterClass" is-config="true" duration-ms="1103" started-at="2020-06-01T11:49:59 CST" finished-at="2020-06-01T11:50:00 CST">
          <reporter-output>
          </reporter-output>
        </test-method> <!-- afterClass -->
      </class> <!-- nopcommerce4.LT2.test.MyAccountTest -->
    </test> <!-- MyAccount test -->
    <test name="ForgotPwd test" duration-ms="88435" started-at="2020-06-01T11:50:00 CST" finished-at="2020-06-01T11:51:28 CST">
      <class name="nopcommerce4.LT2.test.ForgotPasswordTest">
        <test-method status="PASS" signature="beforeClass(java.lang.String)[pri:0, instance:nopcommerce4.LT2.test.ForgotPasswordTest@27a5f880]" name="beforeClass" is-config="true" duration-ms="31655" started-at="2020-06-01T11:50:00 CST" finished-at="2020-06-01T11:50:31 CST">
          <params>
            <param index="0">
              <value>
                <![CDATA[chrome]]>
              </value>
            </param>
          </params>
          <reporter-output>
          </reporter-output>
        </test-method> <!-- beforeClass -->
        <test-method status="PASS" signature="testForgotPassword()[pri:0, instance:nopcommerce4.LT2.test.ForgotPasswordTest@27a5f880]" name="testForgotPassword" duration-ms="55203" started-at="2020-06-01T11:50:31 CST" finished-at="2020-06-01T11:51:27 CST">
          <reporter-output>
          </reporter-output>
        </test-method> <!-- testForgotPassword -->
        <test-method status="PASS" signature="afterClass()[pri:0, instance:nopcommerce4.LT2.test.ForgotPasswordTest@27a5f880]" name="afterClass" is-config="true" duration-ms="1089" started-at="2020-06-01T11:51:27 CST" finished-at="2020-06-01T11:51:28 CST">
          <reporter-output>
          </reporter-output>
        </test-method> <!-- afterClass -->
      </class> <!-- nopcommerce4.LT2.test.ForgotPasswordTest -->
    </test> <!-- ForgotPwd test -->
  </suite> <!-- Regression test -->
</testng-results>
