<?xml version="1.0" encoding="UTF-8"?>
<testng-results skipped="0" failed="0" ignored="0" total="14" passed="14">
  <reporter-output>
  </reporter-output>
  <suite name="Regression test" duration-ms="1519648" started-at="2020-06-01T08:48:01 CST" finished-at="2020-06-01T09:13:21 CST">
    <groups>
    </groups>
    <test name="Register test" duration-ms="87372" started-at="2020-06-01T08:48:01 CST" finished-at="2020-06-01T08:49:28 CST">
      <class name="nopcommerce4.LT2.test.RegisterTest">
        <test-method status="PASS" signature="beforeClass(java.lang.String)[pri:0, instance:nopcommerce4.LT2.test.RegisterTest@4abdb505]" name="beforeClass" is-config="true" duration-ms="42111" started-at="2020-06-01T08:48:01 CST" finished-at="2020-06-01T08:48:43 CST">
          <params>
            <param index="0">
              <value>
                <![CDATA[chrome]]>
              </value>
            </param>
          </params>
          <reporter-output>
          </reporter-output>
        </test-method> <!-- beforeClass -->
        <test-method status="PASS" signature="registerTest(java.lang.String, java.lang.String, java.lang.String, java.lang.String, java.lang.String, java.lang.String)[pri:0, instance:nopcommerce4.LT2.test.RegisterTest@4abdb505]" name="registerTest" duration-ms="37538" started-at="2020-06-01T08:48:44 CST" data-provider="registerinfo" finished-at="2020-06-01T08:49:21 CST">
          <params>
            <param index="0">
              <value>
                <![CDATA[testLT005]]>
              </value>
            </param>
            <param index="1">
              <value>
                <![CDATA[testLT005]]>
              </value>
            </param>
            <param index="2">
              <value>
                <![CDATA[testLT005@test.com]]>
              </value>
            </param>
            <param index="3">
              <value>
                <![CDATA[testschool]]>
              </value>
            </param>
            <param index="4">
              <value>
                <![CDATA[111111]]>
              </value>
            </param>
            <param index="5">
              <value>
                <![CDATA[111111]]>
              </value>
            </param>
          </params>
          <reporter-output>
          </reporter-output>
        </test-method> <!-- registerTest -->
        <test-method status="PASS" signature="afterClass()[pri:0, instance:nopcommerce4.LT2.test.RegisterTest@4abdb505]" name="afterClass" is-config="true" duration-ms="1798" started-at="2020-06-01T08:49:27 CST" finished-at="2020-06-01T08:49:28 CST">
          <reporter-output>
          </reporter-output>
        </test-method> <!-- afterClass -->
      </class> <!-- nopcommerce4.LT2.test.RegisterTest -->
    </test> <!-- Register test -->
    <test name="PlaceOrder test" duration-ms="705387" started-at="2020-06-01T08:49:29 CST" finished-at="2020-06-01T09:01:14 CST">
      <class name="nopcommerce4.LT2.test.PlaceOrderTest">
        <test-method status="PASS" signature="beforeClass(java.lang.String)[pri:0, instance:nopcommerce4.LT2.test.PlaceOrderTest@6a1aab78]" name="beforeClass" is-config="true" duration-ms="35987" started-at="2020-06-01T08:49:29 CST" finished-at="2020-06-01T08:50:05 CST">
          <params>
            <param index="0">
              <value>
                <![CDATA[chrome]]>
              </value>
            </param>
          </params>
          <reporter-output>
          </reporter-output>
        </test-method> <!-- beforeClass -->
        <test-method status="PASS" signature="testLoginUsingProvider(java.lang.String, java.lang.String)[pri:0, instance:nopcommerce4.LT2.test.PlaceOrderTest@6a1aab78]" name="testLoginUsingProvider" duration-ms="21996" started-at="2020-06-01T08:50:05 CST" data-provider="LoginData" finished-at="2020-06-01T08:50:27 CST">
          <params>
            <param index="0">
              <value>
                <![CDATA[jdzhang@nltechdev.com]]>
              </value>
            </param>
            <param index="1">
              <value>
                <![CDATA[11111111]]>
              </value>
            </param>
          </params>
          <reporter-output>
          </reporter-output>
        </test-method> <!-- testLoginUsingProvider -->
        <test-method status="PASS" signature="testAddToCart()[pri:0, instance:nopcommerce4.LT2.test.PlaceOrderTest@6a1aab78]" name="testAddToCart" duration-ms="221910" started-at="2020-06-01T08:50:28 CST" depends-on-methods="nopcommerce4.LT2.test.PlaceOrderTest.testLoginUsingProvider" finished-at="2020-06-01T08:54:10 CST">
          <reporter-output>
          </reporter-output>
        </test-method> <!-- testAddToCart -->
        <test-method status="PASS" signature="testAddToCart()[pri:0, instance:nopcommerce4.LT2.test.PlaceOrderTest@6a1aab78]" name="testAddToCart" duration-ms="231247" started-at="2020-06-01T08:54:12 CST" depends-on-methods="nopcommerce4.LT2.test.PlaceOrderTest.testLoginUsingProvider" finished-at="2020-06-01T08:58:03 CST">
          <reporter-output>
          </reporter-output>
        </test-method> <!-- testAddToCart -->
        <test-method status="PASS" signature="testRemoveProduct()[pri:0, instance:nopcommerce4.LT2.test.PlaceOrderTest@6a1aab78]" name="testRemoveProduct" duration-ms="27914" started-at="2020-06-01T08:58:05 CST" depends-on-methods="nopcommerce4.LT2.test.PlaceOrderTest.testAddToCart" finished-at="2020-06-01T08:58:33 CST">
          <reporter-output>
          </reporter-output>
        </test-method> <!-- testRemoveProduct -->
        <test-method status="PASS" signature="testInputSchoolName()[pri:0, instance:nopcommerce4.LT2.test.PlaceOrderTest@6a1aab78]" name="testInputSchoolName" duration-ms="6807" started-at="2020-06-01T08:58:34 CST" depends-on-methods="nopcommerce4.LT2.test.PlaceOrderTest.testRemoveProduct" finished-at="2020-06-01T08:58:41 CST">
          <reporter-output>
          </reporter-output>
        </test-method> <!-- testInputSchoolName -->
        <test-method status="PASS" signature="testCheckout()[pri:0, instance:nopcommerce4.LT2.test.PlaceOrderTest@6a1aab78]" name="testCheckout" duration-ms="21093" started-at="2020-06-01T08:58:42 CST" depends-on-methods="nopcommerce4.LT2.test.PlaceOrderTest.testInputSchoolName" finished-at="2020-06-01T08:59:03 CST">
          <reporter-output>
          </reporter-output>
        </test-method> <!-- testCheckout -->
        <test-method status="PASS" signature="testAccessShippingMethodPage()[pri:0, instance:nopcommerce4.LT2.test.PlaceOrderTest@6a1aab78]" name="testAccessShippingMethodPage" duration-ms="18854" started-at="2020-06-01T08:59:04 CST" depends-on-methods="nopcommerce4.LT2.test.PlaceOrderTest.testCheckout" finished-at="2020-06-01T08:59:23 CST">
          <reporter-output>
          </reporter-output>
        </test-method> <!-- testAccessShippingMethodPage -->
        <test-method status="PASS" signature="testAccessPaymentinfo()[pri:0, instance:nopcommerce4.LT2.test.PlaceOrderTest@6a1aab78]" name="testAccessPaymentinfo" duration-ms="20969" started-at="2020-06-01T08:59:24 CST" depends-on-methods="nopcommerce4.LT2.test.PlaceOrderTest.testAccessShippingMethodPage" finished-at="2020-06-01T08:59:45 CST">
          <reporter-output>
          </reporter-output>
        </test-method> <!-- testAccessPaymentinfo -->
        <test-method status="PASS" signature="testPlaceOrder()[pri:0, instance:nopcommerce4.LT2.test.PlaceOrderTest@6a1aab78]" name="testPlaceOrder" duration-ms="16560" started-at="2020-06-01T08:59:46 CST" depends-on-methods="nopcommerce4.LT2.test.PlaceOrderTest.testAccessPaymentinfo" finished-at="2020-06-01T09:00:03 CST">
          <reporter-output>
          </reporter-output>
        </test-method> <!-- testPlaceOrder -->
        <test-method status="PASS" signature="testAccessOrderDetailPage()[pri:0, instance:nopcommerce4.LT2.test.PlaceOrderTest@6a1aab78]" name="testAccessOrderDetailPage" duration-ms="66378" started-at="2020-06-01T09:00:04 CST" depends-on-methods="nopcommerce4.LT2.test.PlaceOrderTest.testPlaceOrder" finished-at="2020-06-01T09:01:10 CST">
          <reporter-output>
          </reporter-output>
        </test-method> <!-- testAccessOrderDetailPage -->
        <test-method status="PASS" signature="afterClass()[pri:0, instance:nopcommerce4.LT2.test.PlaceOrderTest@6a1aab78]" name="afterClass" is-config="true" duration-ms="1939" started-at="2020-06-01T09:01:12 CST" finished-at="2020-06-01T09:01:14 CST">
          <reporter-output>
          </reporter-output>
        </test-method> <!-- afterClass -->
      </class> <!-- nopcommerce4.LT2.test.PlaceOrderTest -->
    </test> <!-- PlaceOrder test -->
    <test name="MyAccount test" duration-ms="619261" started-at="2020-06-01T09:01:14 CST" finished-at="2020-06-01T09:11:34 CST">
      <class name="nopcommerce4.LT2.test.MyAccountTest">
        <test-method status="PASS" signature="beforeClass(java.lang.String)[pri:0, instance:nopcommerce4.LT2.test.MyAccountTest@3ecd23d9]" name="beforeClass" is-config="true" duration-ms="39445" started-at="2020-06-01T09:01:14 CST" finished-at="2020-06-01T09:01:54 CST">
          <params>
            <param index="0">
              <value>
                <![CDATA[chrome]]>
              </value>
            </param>
          </params>
          <reporter-output>
          </reporter-output>
        </test-method> <!-- beforeClass -->
        <test-method status="PASS" signature="testLoginUsingProvider(java.lang.String, java.lang.String)[pri:0, instance:nopcommerce4.LT2.test.MyAccountTest@3ecd23d9]" name="testLoginUsingProvider" duration-ms="21166" started-at="2020-06-01T09:01:54 CST" data-provider="LoginData" finished-at="2020-06-01T09:02:15 CST">
          <params>
            <param index="0">
              <value>
                <![CDATA[jdzhang@nltechdev.com]]>
              </value>
            </param>
            <param index="1">
              <value>
                <![CDATA[11111111]]>
              </value>
            </param>
          </params>
          <reporter-output>
          </reporter-output>
        </test-method> <!-- testLoginUsingProvider -->
        <test-method status="PASS" signature="testMyAccount()[pri:0, instance:nopcommerce4.LT2.test.MyAccountTest@3ecd23d9]" name="testMyAccount" duration-ms="555223" started-at="2020-06-01T09:02:16 CST" depends-on-methods="nopcommerce4.LT2.test.MyAccountTest.testLoginUsingProvider" finished-at="2020-06-01T09:11:31 CST">
          <reporter-output>
          </reporter-output>
        </test-method> <!-- testMyAccount -->
        <test-method status="PASS" signature="afterClass()[pri:0, instance:nopcommerce4.LT2.test.MyAccountTest@3ecd23d9]" name="afterClass" is-config="true" duration-ms="1519" started-at="2020-06-01T09:11:32 CST" finished-at="2020-06-01T09:11:34 CST">
          <reporter-output>
          </reporter-output>
        </test-method> <!-- afterClass -->
      </class> <!-- nopcommerce4.LT2.test.MyAccountTest -->
    </test> <!-- MyAccount test -->
    <test name="ForgotPwd test" duration-ms="107082" started-at="2020-06-01T09:11:34 CST" finished-at="2020-06-01T09:13:21 CST">
      <class name="nopcommerce4.LT2.test.ForgotPasswordTest">
        <test-method status="PASS" signature="beforeClass(java.lang.String)[pri:0, instance:nopcommerce4.LT2.test.ForgotPasswordTest@8e24743]" name="beforeClass" is-config="true" duration-ms="57514" started-at="2020-06-01T09:11:34 CST" finished-at="2020-06-01T09:12:31 CST">
          <params>
            <param index="0">
              <value>
                <![CDATA[chrome]]>
              </value>
            </param>
          </params>
          <reporter-output>
          </reporter-output>
        </test-method> <!-- beforeClass -->
        <test-method status="PASS" signature="testForgotPassword()[pri:0, instance:nopcommerce4.LT2.test.ForgotPasswordTest@8e24743]" name="testForgotPassword" duration-ms="48211" started-at="2020-06-01T09:12:31 CST" finished-at="2020-06-01T09:13:19 CST">
          <reporter-output>
          </reporter-output>
        </test-method> <!-- testForgotPassword -->
        <test-method status="PASS" signature="afterClass()[pri:0, instance:nopcommerce4.LT2.test.ForgotPasswordTest@8e24743]" name="afterClass" is-config="true" duration-ms="964" started-at="2020-06-01T09:13:20 CST" finished-at="2020-06-01T09:13:21 CST">
          <reporter-output>
          </reporter-output>
        </test-method> <!-- afterClass -->
      </class> <!-- nopcommerce4.LT2.test.ForgotPasswordTest -->
    </test> <!-- ForgotPwd test -->
  </suite> <!-- Regression test -->
</testng-results>
