<?xml version="1.0" encoding="UTF-8"?>
<!-- Generated by org.testng.reporters.JUnitXMLReporter -->
<testsuite hostname="DESKTOP-L5H57U0" ignored="1" name="Login test" tests="1" failures="0" timestamp="2019-12-31T13:09:30 CST" time="107.211" errors="0">
  <testcase name="testLogin" time="48.707" classname="nopcommerce4.LT2.test.LoginTestUseProvider"/>
  <testcase name="testRegister" time="0.0" classname="nopcommerce4.LT2.test.LoginTestUseProvider">
    <ignored/>
  </testcase> <!-- testRegister -->
</testsuite> <!-- Login test -->
