<?xml version="1.0" encoding="UTF-8"?>
<!-- Generated by org.testng.reporters.JUnitXMLReporter -->
<testsuite hostname="DESKTOP-L5H57U0" ignored="0" name="MyAccount test" tests="2" failures="0" timestamp="2020-06-01T09:11:34 CST" time="619.261" errors="0">
  <testcase name="testLoginUsingProvider" time="21.166" classname="nopcommerce4.LT2.test.MyAccountTest"/>
  <testcase name="testMyAccount" time="555.223" classname="nopcommerce4.LT2.test.MyAccountTest"/>
</testsuite> <!-- MyAccount test -->
