<?xml version="1.0" encoding="UTF-8"?>
<!-- Generated by org.testng.reporters.JUnitXMLReporter -->
<testsuite hostname="DESKTOP-L5H57U0" ignored="0" name="PlaceOrder test" tests="10" failures="0" timestamp="2020-06-01T09:01:14 CST" time="705.387" errors="0">
  <testcase name="testLoginUsingProvider" time="21.996" classname="nopcommerce4.LT2.test.PlaceOrderTest"/>
  <testcase name="testAddToCart" time="221.91" classname="nopcommerce4.LT2.test.PlaceOrderTest"/>
  <testcase name="testAddToCart" time="231.247" classname="nopcommerce4.LT2.test.PlaceOrderTest"/>
  <testcase name="testRemoveProduct" time="27.914" classname="nopcommerce4.LT2.test.PlaceOrderTest"/>
  <testcase name="testInputSchoolName" time="6.807" classname="nopcommerce4.LT2.test.PlaceOrderTest"/>
  <testcase name="testCheckout" time="21.093" classname="nopcommerce4.LT2.test.PlaceOrderTest"/>
  <testcase name="testAccessShippingMethodPage" time="18.854" classname="nopcommerce4.LT2.test.PlaceOrderTest"/>
  <testcase name="testAccessPaymentinfo" time="20.969" classname="nopcommerce4.LT2.test.PlaceOrderTest"/>
  <testcase name="testPlaceOrder" time="16.56" classname="nopcommerce4.LT2.test.PlaceOrderTest"/>
  <testcase name="testAccessOrderDetailPage" time="66.378" classname="nopcommerce4.LT2.test.PlaceOrderTest"/>
</testsuite> <!-- PlaceOrder test -->
