<?xml version="1.0" encoding="UTF-8"?>
<!-- Generated by org.testng.reporters.JUnitXMLReporter -->
<testsuite hostname="DESKTOP-L5H57U0" ignored="0" name="Login test2" tests="11" failures="0" timestamp="2020-05-25T10:46:36 CST" time="470.651" errors="0">
  <testcase name="testLoginUsingProvider" time="25.779" classname="nopcommerce4.LT2.test.LoginTestUseProvider"/>
  <testcase name="testAccessCategoryPage" time="27.716" classname="nopcommerce4.LT2.test.LoginTestUseProvider"/>
  <testcase name="testAccessProductPage" time="40.505" classname="nopcommerce4.LT2.test.LoginTestUseProvider"/>
  <testcase name="testPersonalizeProduct" time="54.535" classname="nopcommerce4.LT2.test.LoginTestUseProvider"/>
  <testcase name="testAddToCart" time="98.324" classname="nopcommerce4.LT2.test.LoginTestUseProvider"/>
  <testcase name="testInputSchoolName" time="4.932" classname="nopcommerce4.LT2.test.LoginTestUseProvider"/>
  <testcase name="testCheckout" time="30.636" classname="nopcommerce4.LT2.test.LoginTestUseProvider"/>
  <testcase name="testAccessShippingMethodPage" time="36.07" classname="nopcommerce4.LT2.test.LoginTestUseProvider"/>
  <testcase name="testAccessPaymentinfo" time="30.614" classname="nopcommerce4.LT2.test.LoginTestUseProvider"/>
  <testcase name="testPlaceOrder" time="16.847" classname="nopcommerce4.LT2.test.LoginTestUseProvider"/>
  <testcase name="testAccessOrderDetailPage" time="25.446" classname="nopcommerce4.LT2.test.LoginTestUseProvider"/>
</testsuite> <!-- Login test2 -->
